0 info it worked if it ends with ok
1 verbose cli [ 'node',
1 verbose cli   '/Users/msakamaki/.nodebrew/current/bin/npm',
1 verbose cli   'run',
1 verbose cli   'dep' ]
2 info using npm@2.13.3
3 info using node@v0.12.4
4 verbose node symlink /Users/msakamaki/.nodebrew/current/bin/node
5 verbose stack Error: Failed to parse json
5 verbose stack Unexpected token '"' at 8:43
5 verbose stack     "dep" : "git add . && git commit -m "-" && git push origin master && git pu
5 verbose stack                                           ^
5 verbose stack     at parseError (/Users/msakamaki/.nodebrew/node/v0.12.4/lib/node_modules/npm/node_modules/read-package-json/read-json.js:379:11)
5 verbose stack     at parseJson (/Users/msakamaki/.nodebrew/node/v0.12.4/lib/node_modules/npm/node_modules/read-package-json/read-json.js:68:23)
5 verbose stack     at /Users/msakamaki/.nodebrew/node/v0.12.4/lib/node_modules/npm/node_modules/read-package-json/read-json.js:48:5
5 verbose stack     at evalmachine.<anonymous>:334:14
5 verbose stack     at /Users/msakamaki/.nodebrew/node/v0.12.4/lib/node_modules/npm/node_modules/read-package-json/node_modules/graceful-fs/graceful-fs.js:102:5
5 verbose stack     at FSReqWrap.oncomplete (evalmachine.<anonymous>:95:15)
6 verbose cwd /Users/msakamaki/project/git/node-js-sample
7 error Darwin 13.4.0
8 error argv "node" "/Users/msakamaki/.nodebrew/current/bin/npm" "run" "dep"
9 error node v0.12.4
10 error npm  v2.13.3
11 error file /Users/msakamaki/project/git/node-js-sample/package.json
12 error code EJSONPARSE
13 error Failed to parse json
13 error Unexpected token '"' at 8:43
13 error     "dep" : "git add . && git commit -m "-" && git push origin master && git pu
13 error                                           ^
14 error File: /Users/msakamaki/project/git/node-js-sample/package.json
15 error Failed to parse package.json data.
15 error package.json must be actual JSON, not just JavaScript.
15 error
15 error This is not a bug in npm.
15 error Tell the package author to fix their package.json file. JSON.parse
16 verbose exit [ 1, true ]
